<?xml version="1.0" encoding="UTF-8"?>
<testsuite xmlns:xsi="http://www.w3.org/2001/XMLSchema-instance" xsi:noNamespaceSchemaLocation="https://maven.apache.org/surefire/maven-surefire-plugin/xsd/surefire-test-report.xsd" version="3.0.1" name="tests.UsuarioAvancadoTest" time="2.248" tests="4" errors="0" skipped="0" failures="0">
  <properties>
[...]
</properties>
  <testcase name="deveCriarUsuarioUsandoSerializacaoComRecord" classname="tests.UsuarioAvancadoTest" time="0.78">
    <system-out><![CDATA[Usuário desserializado com sucesso! ID gerado: 11
]]></system-out>
  </testcase>
  <testcase name="deveTestarMultiplosUsuariosParametrizados(int, String)[1]" classname="tests.UsuarioAvancadoTest" time="0.117"/>
  <testcase name="deveTestarMultiplosUsuariosParametrizados(int, String)[2]" classname="tests.UsuarioAvancadoTest" time="0.62"/>
  <testcase name="deveTestarMultiplosUsuariosParametrizados(int, String)[3]" classname="tests.UsuarioAvancadoTest" time="0.598"/>
</testsuite>