<?xml version="1.0" encoding="UTF-8"?>
<testsuite xmlns:xsi="http://www.w3.org/2001/XMLSchema-instance" xsi:noNamespaceSchemaLocation="https://maven.apache.org/surefire/maven-surefire-plugin/xsd/surefire-test-report.xsd" version="3.0.1" name="tests.UsuarioApiTest" time="6.207" tests="8" errors="0" skipped="0" failures="1">
  <properties>
[...]
</properties>
  <testcase name="deveRetornarFalhaAoBuscarUsuarioInexistente" classname="tests.UsuarioApiTest" time="2.417">
    <failure message="1 expectation failed.&#10;Expected status code &lt;404&gt; but was &lt;200&gt;.&#10;" type="java.lang.AssertionError"><![CDATA[java.lang.AssertionError: 
1 expectation failed.
Expected status code <404> but was <200>.

	at java.base/jdk.internal.reflect.DirectConstructorHandleAccessor.newInstance(DirectConstructorHandleAccessor.java:62)
	at java.base/java.lang.reflect.Constructor.newInstanceWithCaller(Constructor.java:499)
	at java.base/java.lang.reflect.Constructor.newInstance(Constructor.java:483)
	at org.codehaus.groovy.reflection.CachedConstructor.invoke(CachedConstructor.java:73)
	at org.codehaus.groovy.runtime.callsite.ConstructorSite$ConstructorSiteNoUnwrapNoCoerce.callConstructor(ConstructorSite.java:108)
	at org.codehaus.groovy.runtime.callsite.CallSiteArray.defaultCallConstructor(CallSiteArray.java:57)
	at org.codehaus.groovy.runtime.callsite.AbstractCallSite.callConstructor(AbstractCallSite.java:263)
	at org.codehaus.groovy.runtime.callsite.AbstractCallSite.callConstructor(AbstractCallSite.java:277)
	at io.restassured.internal.ResponseSpecificationImpl$HamcrestAssertionClosure.validate(ResponseSpecificationImpl.groovy:512)
	at io.restassured.internal.ResponseSpecificationImpl$HamcrestAssertionClosure$validate$1.call(Unknown Source)
	at org.codehaus.groovy.runtime.callsite.CallSiteArray.defaultCall(CallSiteArray.java:45)
	at org.codehaus.groovy.runtime.callsite.AbstractCallSite.call(AbstractCallSite.java:125)
	at org.codehaus.groovy.runtime.callsite.AbstractCallSite.call(AbstractCallSite.java:139)
	at io.restassured.internal.ResponseSpecificationImpl.validateResponseIfRequired(ResponseSpecificationImpl.groovy:696)
	at io.restassured.internal.ResponseSpecificationImpl.this$2$validateResponseIfRequired(ResponseSpecificationImpl.groovy)
	at java.base/jdk.internal.reflect.DirectMethodHandleAccessor.invoke(DirectMethodHandleAccessor.java:104)
	at java.base/java.lang.reflect.Method.invoke(Method.java:565)
	at org.codehaus.groovy.runtime.callsite.PlainObjectMetaMethodSite.doInvoke(PlainObjectMetaMethodSite.java:43)
	at org.codehaus.groovy.runtime.callsite.PogoMetaMethodSite$PogoCachedMethodSiteNoUnwrapNoCoerce.invoke(PogoMetaMethodSite.java:198)
	at org.codehaus.groovy.runtime.callsite.PogoMetaMethodSite.callCurrent(PogoMetaMethodSite.java:62)
	at org.codehaus.groovy.runtime.callsite.CallSiteArray.defaultCallCurrent(CallSiteArray.java:49)
	at org.codehaus.groovy.runtime.callsite.AbstractCallSite.callCurrent(AbstractCallSite.java:171)
	at org.codehaus.groovy.runtime.callsite.AbstractCallSite.callCurrent(AbstractCallSite.java:185)
	at io.restassured.internal.ResponseSpecificationImpl.statusCode(ResponseSpecificationImpl.groovy:135)
	at io.restassured.specification.ResponseSpecification$statusCode$0.callCurrent(Unknown Source)
	at org.codehaus.groovy.runtime.callsite.CallSiteArray.defaultCallCurrent(CallSiteArray.java:49)
	at org.codehaus.groovy.runtime.callsite.AbstractCallSite.callCurrent(AbstractCallSite.java:171)
	at org.codehaus.groovy.runtime.callsite.AbstractCallSite.callCurrent(AbstractCallSite.java:185)
	at io.restassured.internal.ResponseSpecificationImpl.statusCode(ResponseSpecificationImpl.groovy:143)
	at io.restassured.internal.ValidatableResponseOptionsImpl.statusCode(ValidatableResponseOptionsImpl.java:89)
	at tests.UsuarioApiTest.deveRetornarFalhaAoBuscarUsuarioInexistente(UsuarioApiTest.java:171)
	at java.base/java.lang.reflect.Method.invoke(Method.java:565)
	at java.base/java.util.ArrayList.forEach(ArrayList.java:1604)
	at java.base/java.util.ArrayList.forEach(ArrayList.java:1604)
]]></failure>
    <system-out><![CDATA[HTTP/1.1 200 OK
Date: Tue, 18 Aug 2026 16:11:01 GMT
Content-Type: application/json; charset=utf-8
Transfer-Encoding: chunked
Connection: keep-alive
access-control-allow-credentials: true
Cache-Control: max-age=43200
etag: W/"1fd-+2Y3G3w049iSZtw5t1mzSnunngE"
expires: -1
nel: {"report_to":"heroku-nel","response_headers":["Via"],"max_age":3600,"success_fraction":0.01,"failure_fraction":0.1}
pragma: no-cache
report-to: {"group":"heroku-nel","endpoints":[{"url":"https://nel.heroku.com/reports?s=akFB05OXlc%2FtSOJoSPkHOSGOrEAaDoHeiDVwYa%2Bv9%2BI%3D\u0026sid=e11707d5-02a7-43ef-b45e-2cf4d2036f7d\u0026ts=1786538843"}],"max_age":3600}
reporting-endpoints: heroku-nel="https://nel.heroku.com/reports?s=akFB05OXlc%2FtSOJoSPkHOSGOrEAaDoHeiDVwYa%2Bv9%2BI%3D&sid=e11707d5-02a7-43ef-b45e-2cf4d2036f7d&ts=1786538843"
Server: cloudflare
vary: Origin, Accept-Encoding
via: 2.0 heroku-router
x-content-type-options: nosniff
x-powered-by: Express
x-ratelimit-limit: 1000
x-ratelimit-remaining: 879
x-ratelimit-reset: 1786538875
Age: 12061
cf-cache-status: HIT
Content-Encoding: gzip
CF-RAY: a2d23126ebc0f2e4-GRU
alt-svc: h3=":443"; ma=86400

{
    "id": 1,
    "name": "Leanne Graham",
    "username": "Bret",
    "email": "Sincere@april.biz",
    "address": {
        "street": "Kulas Light",
        "suite": "Apt. 556",
        "city": "Gwenborough",
        "zipcode": "92998-3874",
        "geo": {
            "lat": "-37.3159",
            "lng": "81.1496"
        }
    },
    "phone": "1-770-736-8031 x56442",
    "website": "hildegard.org",
    "company": {
        "name": "Romaguera-Crona",
        "catchPhrase": "Multi-layered client-server neural-net",
        "bs": "harness real-time e-markets"
    }
}
]]></system-out>
    <system-err><![CDATA[SLF4J(W): No SLF4J providers were found.
SLF4J(W): Defaulting to no-operation (NOP) logger implementation
SLF4J(W): See https://www.slf4j.org/codes.html#noProviders for further details.
]]></system-err>
  </testcase>
  <testcase name="deveBuscarUsuarioEspecificoPorId" classname="tests.UsuarioApiTest" time="0.912">
    <system-out><![CDATA[HTTP/1.1 200 OK
Date: Tue, 18 Aug 2026 16:11:01 GMT
Content-Type: application/json; charset=utf-8
Transfer-Encoding: chunked
Connection: keep-alive
access-control-allow-credentials: true
Cache-Control: max-age=43200
etag: W/"1fd-+2Y3G3w049iSZtw5t1mzSnunngE"
expires: -1
nel: {"report_to":"heroku-nel","response_headers":["Via"],"max_age":3600,"success_fraction":0.01,"failure_fraction":0.1}
pragma: no-cache
report-to: {"group":"heroku-nel","endpoints":[{"url":"https://nel.heroku.com/reports?s=akFB05OXlc%2FtSOJoSPkHOSGOrEAaDoHeiDVwYa%2Bv9%2BI%3D\u0026sid=e11707d5-02a7-43ef-b45e-2cf4d2036f7d\u0026ts=1786538843"}],"max_age":3600}
reporting-endpoints: heroku-nel="https://nel.heroku.com/reports?s=akFB05OXlc%2FtSOJoSPkHOSGOrEAaDoHeiDVwYa%2Bv9%2BI%3D&sid=e11707d5-02a7-43ef-b45e-2cf4d2036f7d&ts=1786538843"
Server: cloudflare
vary: Origin, Accept-Encoding
via: 2.0 heroku-router
x-content-type-options: nosniff
x-powered-by: Express
x-ratelimit-limit: 1000
x-ratelimit-remaining: 879
x-ratelimit-reset: 1786538875
Age: 12061
cf-cache-status: HIT
Content-Encoding: gzip
CF-RAY: a2d23129293b26ed-GRU
alt-svc: h3=":443"; ma=86400

{
    "id": 1,
    "name": "Leanne Graham",
    "username": "Bret",
    "email": "Sincere@april.biz",
    "address": {
        "street": "Kulas Light",
        "suite": "Apt. 556",
        "city": "Gwenborough",
        "zipcode": "92998-3874",
        "geo": {
            "lat": "-37.3159",
            "lng": "81.1496"
        }
    },
    "phone": "1-770-736-8031 x56442",
    "website": "hildegard.org",
    "company": {
        "name": "Romaguera-Crona",
        "catchPhrase": "Multi-layered client-server neural-net",
        "bs": "harness real-time e-markets"
    }
}
]]></system-out>
  </testcase>
  <testcase name="deveListarUsuariosComSucesso" classname="tests.UsuarioApiTest" time="0.169">
    <system-out><![CDATA[HTTP/1.1 200 OK
Date: Tue, 18 Aug 2026 16:11:02 GMT
Content-Type: application/json; charset=utf-8
Content-Length: 1847
Connection: keep-alive
access-control-allow-credentials: true
Cache-Control: max-age=43200
Content-Encoding: gzip
etag: W/"160d-1eMSsxeJRfnVLRBmYJSbCiJZ1qQ"
expires: -1
nel: {"report_to":"heroku-nel","response_headers":["Via"],"max_age":3600,"success_fraction":0.01,"failure_fraction":0.1}
pragma: no-cache
report-to: {"group":"heroku-nel","endpoints":[{"url":"https://nel.heroku.com/reports?s=w5uYrhOuDyVHovh3YZV6l9joLqIdqPcBindv9E1JBIE%3D\u0026sid=e11707d5-02a7-43ef-b45e-2cf4d2036f7d\u0026ts=1785194660"}],"max_age":3600}
reporting-endpoints: heroku-nel="https://nel.heroku.com/reports?s=w5uYrhOuDyVHovh3YZV6l9joLqIdqPcBindv9E1JBIE%3D&sid=e11707d5-02a7-43ef-b45e-2cf4d2036f7d&ts=1785194660"
Server: cloudflare
vary: Origin, Accept-Encoding
via: 2.0 heroku-router
x-content-type-options: nosniff
x-powered-by: Express
x-ratelimit-limit: 1000
x-ratelimit-remaining: 998
x-ratelimit-reset: 1785194663
Age: 646
Accept-Ranges: bytes
cf-cache-status: HIT
CF-RAY: a2d2312eecde8a4f-GRU
alt-svc: h3=":443"; ma=86400

[
    {
        "id": 1,
        "name": "Leanne Graham",
        "username": "Bret",
        "email": "Sincere@april.biz",
        "address": {
            "street": "Kulas Light",
            "suite": "Apt. 556",
            "city": "Gwenborough",
            "zipcode": "92998-3874",
            "geo": {
                "lat": "-37.3159",
                "lng": "81.1496"
            }
        },
        "phone": "1-770-736-8031 x56442",
        "website": "hildegard.org",
        "company": {
            "name": "Romaguera-Crona",
            "catchPhrase": "Multi-layered client-server neural-net",
            "bs": "harness real-time e-markets"
        }
    },
    {
        "id": 2,
        "name": "Ervin Howell",
        "username": "Antonette",
        "email": "Shanna@melissa.tv",
        "address": {
            "street": "Victor Plains",
            "suite": "Suite 879",
            "city": "Wisokyburgh",
            "zipcode": "90566-7771",
            "geo": {
                "lat": "-43.9509",
                "lng": "-34.4618"
            }
        },
        "phone": "010-692-6593 x09125",
        "website": "anastasia.net",
        "company": {
            "name": "Deckow-Crist",
            "catchPhrase": "Proactive didactic contingency",
            "bs": "synergize scalable supply-chains"
        }
    },
    {
        "id": 3,
        "name": "Clementine Bauch",
        "username": "Samantha",
        "email": "Nathan@yesenia.net",
        "address": {
            "street": "Douglas Extension",
            "suite": "Suite 847",
            "city": "McKenziehaven",
            "zipcode": "59590-4157",
            "geo": {
                "lat": "-68.6102",
                "lng": "-47.0653"
            }
        },
        "phone": "1-463-123-4447",
        "website": "ramiro.info",
        "company": {
            "name": "Romaguera-Jacobson",
            "catchPhrase": "Face to face bifurcated interface",
            "bs": "e-enable strategic applications"
        }
    },
    {
        "id": 4,
        "name": "Patricia Lebsack",
        "username": "Karianne",
        "email": "Julianne.OConner@kory.org",
        "address": {
            "street": "Hoeger Mall",
            "suite": "Apt. 692",
            "city": "South Elvis",
            "zipcode": "53919-4257",
            "geo": {
                "lat": "29.4572",
                "lng": "-164.2990"
            }
        },
        "phone": "493-170-9623 x156",
        "website": "kale.biz",
        "company": {
            "name": "Robel-Corkery",
            "catchPhrase": "Multi-tiered zero tolerance productivity",
            "bs": "transition cutting-edge web services"
        }
    },
    {
        "id": 5,
        "name": "Chelsey Dietrich",
        "username": "Kamren",
        "email": "Lucio_Hettinger@annie.ca",
        "address": {
            "street": "Skiles Walks",
            "suite": "Suite 351",
            "city": "Roscoeview",
            "zipcode": "33263",
            "geo": {
                "lat": "-31.8129",
                "lng": "62.5342"
            }
        },
        "phone": "(254)954-1289",
        "website": "demarco.info",
        "company": {
            "name": "Keebler LLC",
            "catchPhrase": "User-centric fault-tolerant solution",
            "bs": "revolutionize end-to-end systems"
        }
    },
    {
        "id": 6,
        "name": "Mrs. Dennis Schulist",
        "username": "Leopoldo_Corkery",
        "email": "Karley_Dach@jasper.info",
        "address": {
            "street": "Norberto Crossing",
            "suite": "Apt. 950",
            "city": "South Christy",
            "zipcode": "23505-1337",
            "geo": {
                "lat": "-71.4197",
                "lng": "71.7478"
            }
        },
        "phone": "1-477-935-8478 x6430",
        "website": "ola.org",
        "company": {
            "name": "Considine-Lockman",
            "catchPhrase": "Synchronised bottom-line interface",
            "bs": "e-enable innovative applications"
        }
    },
    {
        "id": 7,
        "name": "Kurtis Weissnat",
        "username": "Elwyn.Skiles",
        "email": "Telly.Hoeger@billy.biz",
        "address": {
            "street": "Rex Trail",
            "suite": "Suite 280",
            "city": "Howemouth",
            "zipcode": "58804-1099",
            "geo": {
                "lat": "24.8918",
                "lng": "21.8984"
            }
        },
        "phone": "210.067.6132",
        "website": "elvis.io",
        "company": {
            "name": "Johns Group",
            "catchPhrase": "Configurable multimedia task-force",
            "bs": "generate enterprise e-tailers"
        }
    },
    {
        "id": 8,
        "name": "Nicholas Runolfsdottir V",
        "username": "Maxime_Nienow",
        "email": "Sherwood@rosamond.me",
        "address": {
            "street": "Ellsworth Summit",
            "suite": "Suite 729",
            "city": "Aliyaview",
            "zipcode": "45169",
            "geo": {
                "lat": "-14.3990",
                "lng": "-120.7677"
            }
        },
        "phone": "586.493.6943 x140",
        "website": "jacynthe.com",
        "company": {
            "name": "Abernathy Group",
            "catchPhrase": "Implemented secondary concept",
            "bs": "e-enable extensible e-tailers"
        }
    },
    {
        "id": 9,
        "name": "Glenna Reichert",
        "username": "Delphine",
        "email": "Chaim_McDermott@dana.io",
        "address": {
            "street": "Dayna Park",
            "suite": "Suite 449",
            "city": "Bartholomebury",
            "zipcode": "76495-3109",
            "geo": {
                "lat": "24.6463",
                "lng": "-168.8889"
            }
        },
        "phone": "(775)976-6794 x41206",
        "website": "conrad.com",
        "company": {
            "name": "Yost and Sons",
            "catchPhrase": "Switchable contextually-based project",
            "bs": "aggregate real-time technologies"
        }
    },
    {
        "id": 10,
        "name": "Clementina DuBuque",
        "username": "Moriah.Stanton",
        "email": "Rey.Padberg@karina.biz",
        "address": {
            "street": "Kattie Turnpike",
            "suite": "Suite 198",
            "city": "Lebsackbury",
            "zipcode": "31428-2261",
            "geo": {
                "lat": "-38.2386",
                "lng": "57.2232"
            }
        },
        "phone": "024-648-3804",
        "website": "ambrose.net",
        "company": {
            "name": "Hoeger LLC",
            "catchPhrase": "Centralized empowering task-force",
            "bs": "target end-to-end models"
        }
    }
]
]]></system-out>
  </testcase>
  <testcase name="deveCriarUsuarioComDadosDinamicos" classname="tests.UsuarioApiTest" time="0.333">
    <system-out><![CDATA[HTTP/1.1 201 Created
Date: Tue, 18 Aug 2026 16:11:03 GMT
Content-Type: application/json; charset=utf-8
Content-Length: 134
Connection: keep-alive
access-control-allow-credentials: true
access-control-expose-headers: Location
Cache-Control: no-cache
etag: W/"86-8b91/dE8Q4wjknqfPuaEyX/zIEA"
expires: -1
location: https://jsonplaceholder.typicode.com/users/11
nel: {"report_to":"heroku-nel","response_headers":["Via"],"max_age":3600,"success_fraction":0.01,"failure_fraction":0.1}
pragma: no-cache
report-to: {"group":"heroku-nel","endpoints":[{"url":"https://nel.heroku.com/reports?s=riIhOArEuyaADIcHXjy8BFu6ABy%2BlSK6NIjMmAWRrQQ%3D\u0026sid=e11707d5-02a7-43ef-b45e-2cf4d2036f7d\u0026ts=1787069463"}],"max_age":3600}
reporting-endpoints: heroku-nel="https://nel.heroku.com/reports?s=riIhOArEuyaADIcHXjy8BFu6ABy%2BlSK6NIjMmAWRrQQ%3D&sid=e11707d5-02a7-43ef-b45e-2cf4d2036f7d&ts=1787069463"
Server: cloudflare
vary: Origin, X-HTTP-Method-Override, Accept-Encoding
via: 2.0 heroku-router
x-content-type-options: nosniff
x-powered-by: Express
x-ratelimit-limit: 1000
x-ratelimit-remaining: 999
x-ratelimit-reset: 1787069509
cf-cache-status: DYNAMIC
CF-RAY: a2d231303c77d79f-GRU
alt-svc: h3=":443"; ma=86400

{
    "name": "Tester 1787069462914",
    "username": "user_1787069462914",
    "email": "usuario_1787069462914@portfolio.com",
    "id": 11
}
]]></system-out>
  </testcase>
  <testcase name="deveCriarUsuarioEExtrairRespostaComOpcao2" classname="tests.UsuarioApiTest" time="0.307">
    <system-out><![CDATA[HTTP/1.1 201 Created
Date: Tue, 18 Aug 2026 16:11:03 GMT
Content-Type: application/json; charset=utf-8
Content-Length: 134
Connection: keep-alive
access-control-allow-credentials: true
access-control-expose-headers: Location
Cache-Control: no-cache
etag: W/"86-JGD4ZCK+1mX9kXJxwNtKlhhvtSA"
expires: -1
location: https://jsonplaceholder.typicode.com/users/11
nel: {"report_to":"heroku-nel","response_headers":["Via"],"max_age":3600,"success_fraction":0.01,"failure_fraction":0.1}
pragma: no-cache
report-to: {"group":"heroku-nel","endpoints":[{"url":"https://nel.heroku.com/reports?s=riIhOArEuyaADIcHXjy8BFu6ABy%2BlSK6NIjMmAWRrQQ%3D\u0026sid=e11707d5-02a7-43ef-b45e-2cf4d2036f7d\u0026ts=1787069463"}],"max_age":3600}
reporting-endpoints: heroku-nel="https://nel.heroku.com/reports?s=riIhOArEuyaADIcHXjy8BFu6ABy%2BlSK6NIjMmAWRrQQ%3D&sid=e11707d5-02a7-43ef-b45e-2cf4d2036f7d&ts=1787069463"
Server: cloudflare
vary: Origin, X-HTTP-Method-Override, Accept-Encoding
via: 2.0 heroku-router
x-content-type-options: nosniff
x-powered-by: Express
x-ratelimit-limit: 1000
x-ratelimit-remaining: 998
x-ratelimit-reset: 1787069509
cf-cache-status: DYNAMIC
CF-RAY: a2d231323f7cfbd2-GRU
alt-svc: h3=":443"; ma=86400

{
    "name": "Tester 1787069463257",
    "username": "user_1787069463257",
    "email": "usuario_1787069463257@portfolio.com",
    "id": 11
}
--- JSON DE RESPOSTA FORMATADO ---
{
    "name": "Tester 1787069463257",
    "username": "user_1787069463257",
    "email": "usuario_1787069463257@portfolio.com",
    "id": 11
}
ID extraído da resposta: 11
Nome extraído da resposta: Tester 1787069463257
]]></system-out>
  </testcase>
  <testcase name="deveValidarContratoDosTiposDeDadosDoUsuario" classname="tests.UsuarioApiTest" time="0.197">
    <system-out><![CDATA[HTTP/1.1 200 OK
Date: Tue, 18 Aug 2026 16:11:03 GMT
Content-Type: application/json; charset=utf-8
Transfer-Encoding: chunked
Connection: keep-alive
access-control-allow-credentials: true
Cache-Control: max-age=43200
etag: W/"1fd-+2Y3G3w049iSZtw5t1mzSnunngE"
expires: -1
nel: {"report_to":"heroku-nel","response_headers":["Via"],"max_age":3600,"success_fraction":0.01,"failure_fraction":0.1}
pragma: no-cache
report-to: {"group":"heroku-nel","endpoints":[{"url":"https://nel.heroku.com/reports?s=akFB05OXlc%2FtSOJoSPkHOSGOrEAaDoHeiDVwYa%2Bv9%2BI%3D\u0026sid=e11707d5-02a7-43ef-b45e-2cf4d2036f7d\u0026ts=1786538843"}],"max_age":3600}
reporting-endpoints: heroku-nel="https://nel.heroku.com/reports?s=akFB05OXlc%2FtSOJoSPkHOSGOrEAaDoHeiDVwYa%2Bv9%2BI%3D&sid=e11707d5-02a7-43ef-b45e-2cf4d2036f7d&ts=1786538843"
Server: cloudflare
vary: Origin, Accept-Encoding
via: 2.0 heroku-router
x-content-type-options: nosniff
x-powered-by: Express
x-ratelimit-limit: 1000
x-ratelimit-remaining: 879
x-ratelimit-reset: 1786538875
Age: 12063
cf-cache-status: HIT
Content-Encoding: gzip
CF-RAY: a2d231345c31b559-GRU
alt-svc: h3=":443"; ma=86400

{
    "id": 1,
    "name": "Leanne Graham",
    "username": "Bret",
    "email": "Sincere@april.biz",
    "address": {
        "street": "Kulas Light",
        "suite": "Apt. 556",
        "city": "Gwenborough",
        "zipcode": "92998-3874",
        "geo": {
            "lat": "-37.3159",
            "lng": "81.1496"
        }
    },
    "phone": "1-770-736-8031 x56442",
    "website": "hildegard.org",
    "company": {
        "name": "Romaguera-Crona",
        "catchPhrase": "Multi-layered client-server neural-net",
        "bs": "harness real-time e-markets"
    }
}
]]></system-out>
  </testcase>
  <testcase name="deveCriarNovoUsuarioComSucesso" classname="tests.UsuarioApiTest" time="0.284">
    <system-out><![CDATA[HTTP/1.1 201 Created
Date: Tue, 18 Aug 2026 16:11:04 GMT
Content-Type: application/json; charset=utf-8
Content-Length: 109
Connection: keep-alive
access-control-allow-credentials: true
access-control-expose-headers: Location
Cache-Control: no-cache
etag: W/"6d-HhxkI7zFv3/6kWSWfffDaqImyek"
expires: -1
location: https://jsonplaceholder.typicode.com/users/11
nel: {"report_to":"heroku-nel","response_headers":["Via"],"max_age":3600,"success_fraction":0.01,"failure_fraction":0.1}
pragma: no-cache
report-to: {"group":"heroku-nel","endpoints":[{"url":"https://nel.heroku.com/reports?s=riIhOArEuyaADIcHXjy8BFu6ABy%2BlSK6NIjMmAWRrQQ%3D\u0026sid=e11707d5-02a7-43ef-b45e-2cf4d2036f7d\u0026ts=1787069463"}],"max_age":3600}
reporting-endpoints: heroku-nel="https://nel.heroku.com/reports?s=riIhOArEuyaADIcHXjy8BFu6ABy%2BlSK6NIjMmAWRrQQ%3D&sid=e11707d5-02a7-43ef-b45e-2cf4d2036f7d&ts=1787069463"
Server: cloudflare
vary: Origin, X-HTTP-Method-Override, Accept-Encoding
via: 2.0 heroku-router
x-content-type-options: nosniff
x-powered-by: Express
x-ratelimit-limit: 1000
x-ratelimit-remaining: 997
x-ratelimit-reset: 1787069509
cf-cache-status: DYNAMIC
CF-RAY: a2d231357e17ad79-GRU
alt-svc: h3=":443"; ma=86400

{
    "name": "Gustavo Moraes",
    "username": "gustavomoraes",
    "email": "gustavo@portfolio.com",
    "id": 11
}
]]></system-out>
  </testcase>
  <testcase name="deveRetornar404AoBuscarUsuarioInexistente" classname="tests.UsuarioApiTest" time="0.457">
    <system-out><![CDATA[HTTP/1.1 404 Not Found
Date: Tue, 18 Aug 2026 16:11:04 GMT
Content-Type: application/json; charset=utf-8
Content-Length: 2
Connection: keep-alive
access-control-allow-credentials: true
Cache-Control: max-age=43200
etag: W/"2-vyGp6PvFo4RvsFtPoIWeCReyIC8"
expires: -1
nel: {"report_to":"heroku-nel","response_headers":["Via"],"max_age":3600,"success_fraction":0.01,"failure_fraction":0.1}
pragma: no-cache
report-to: {"group":"heroku-nel","endpoints":[{"url":"https://nel.heroku.com/reports?s=tu9JKTyLzg8ygBp%2B1U%2FRFeX2jHBN00RNnf21d9B%2B0jk%3D\u0026sid=e11707d5-02a7-43ef-b45e-2cf4d2036f7d\u0026ts=1787069464"}],"max_age":3600}
reporting-endpoints: heroku-nel="https://nel.heroku.com/reports?s=tu9JKTyLzg8ygBp%2B1U%2FRFeX2jHBN00RNnf21d9B%2B0jk%3D&sid=e11707d5-02a7-43ef-b45e-2cf4d2036f7d&ts=1787069464"
Server: cloudflare
vary: Origin, Accept-Encoding
via: 2.0 heroku-router
x-content-type-options: nosniff
x-powered-by: Express
x-ratelimit-limit: 1000
x-ratelimit-remaining: 996
x-ratelimit-reset: 1787069509
cf-cache-status: EXPIRED
CF-RAY: a2d231375850139e-GRU
alt-svc: h3=":443"; ma=86400

{
    
}
]]></system-out>
  </testcase>
</testsuite>